<?xml version="1.0" encoding="UTF-8"?>
<testsuite xmlns:xsi="http://www.w3.org/2001/XMLSchema-instance" xsi:noNamespaceSchemaLocation="https://maven.apache.org/surefire/maven-surefire-plugin/xsd/surefire-test-report.xsd" name="InnodataProduct.processors.MLXSLProcessor.MyProcessorTest" time="0.553" tests="1" errors="0" skipped="0" failures="0">
  <properties>
    <property name="sun.desktop" value="windows"/>
    <property name="awt.toolkit" value="sun.awt.windows.WToolkit"/>
    <property name="file.encoding.pkg" value="sun.io"/>
    <property name="java.specification.version" value="1.8"/>
    <property name="sun.cpu.isalist" value="amd64"/>
    <property name="sun.jnu.encoding" value="Cp1252"/>
    <property name="java.class.path" value="C:\kumar\CAR-Project-Ashish Arya\TOOL\NIFI-TOOL\XSLProcessor\nifi-MLXSLProcessor-processors\target\test-classes;C:\kumar\CAR-Project-Ashish Arya\TOOL\NIFI-TOOL\XSLProcessor\nifi-MLXSLProcessor-processors\target\classes;C:\Users\vff\.m2\repository\org\inno\Saxon-IV\9.0.0\Saxon-IV-9.0.0.jar;C:\Users\vff\.m2\repository\org\inno\TransformXML\0.0.2\TransformXML-0.0.2.jar;C:\Users\vff\.m2\repository\org\apache\nifi\nifi-api\1.11.4\nifi-api-1.11.4.jar;C:\Users\vff\.m2\repository\org\apache\nifi\nifi-expression-language\1.11.4\nifi-expression-language-1.11.4.jar;C:\Users\vff\.m2\repository\org\antlr\antlr-runtime\3.5.2\antlr-runtime-3.5.2.jar;C:\Users\vff\.m2\repository\org\apache\nifi\nifi-parameter\1.11.4\nifi-parameter-1.11.4.jar;C:\Users\vff\.m2\repository\org\apache\commons\commons-text\1.8\commons-text-1.8.jar;C:\Users\vff\.m2\repository\org\apache\nifi\nifi-processor-utils\1.11.4\nifi-processor-utils-1.11.4.jar;C:\Users\vff\.m2\repository\org\apache\nifi\nifi-syslog-utils\1.11.4\nifi-syslog-utils-1.11.4.jar;C:\Users\vff\.m2\repository\com\github\palindromicity\simple-syslog-5424\0.0.13\simple-syslog-5424-0.0.13.jar;C:\Users\vff\.m2\repository\org\antlr\antlr4-runtime\4.7.2\antlr4-runtime-4.7.2.jar;C:\Users\vff\.m2\repository\org\apache\nifi\nifi-utils\1.11.4\nifi-utils-1.11.4.jar;C:\Users\vff\.m2\repository\org\apache\nifi\nifi-record-path\1.11.4\nifi-record-path-1.11.4.jar;C:\Users\vff\.m2\repository\org\apache\nifi\nifi-properties\1.8.0\nifi-properties-1.8.0.jar;C:\Users\vff\.m2\repository\com\github\ben-manes\caffeine\caffeine\2.6.2\caffeine-2.6.2.jar;C:\Users\vff\.m2\repository\org\apache\nifi\nifi-ssl-context-service-api\1.8.0\nifi-ssl-context-service-api-1.8.0.jar;C:\Users\vff\.m2\repository\org\apache\nifi\nifi-lookup-service-api\1.11.4\nifi-lookup-service-api-1.11.4.jar;C:\Users\vff\.m2\repository\org\apache\nifi\nifi-flowfile-packager\1.11.4\nifi-flowfile-packager-1.11.4.jar;C:\Users\vff\.m2\repository\org\apache\nifi\nifi-distributed-cache-client-service-api\1.8.0\nifi-distributed-cache-client-service-api-1.8.0.jar;C:\Users\vff\.m2\repository\org\apache\nifi\nifi-http-context-map-api\1.8.0\nifi-http-context-map-api-1.8.0.jar;C:\Users\vff\.m2\repository\org\apache\nifi\nifi-record-serialization-service-api\1.11.4\nifi-record-serialization-service-api-1.11.4.jar;C:\Users\vff\.m2\repository\org\apache\nifi\nifi-proxy-configuration-api\1.11.4\nifi-proxy-configuration-api-1.11.4.jar;C:\Users\vff\.m2\repository\org\apache\nifi\nifi-record\1.11.4\nifi-record-1.11.4.jar;C:\Users\vff\.m2\repository\org\apache\nifi\nifi-record-sink-api\1.11.4\nifi-record-sink-api-1.11.4.jar;C:\Users\vff\.m2\repository\commons-io\commons-io\1.3.2\commons-io-1.3.2.jar;C:\Users\vff\.m2\repository\javax\ws\rs\javax.ws.rs-api\2.0.1\javax.ws.rs-api-2.0.1.jar;C:\Users\vff\.m2\repository\commons-net\commons-net\3.7\commons-net-3.7.jar;C:\Users\vff\.m2\repository\org\apache\commons\commons-compress\1.20\commons-compress-1.20.jar;C:\Users\vff\.m2\repository\org\apache\commons\commons-lang3\3.11\commons-lang3-3.11.jar;C:\Users\vff\.m2\repository\org\bouncycastle\bcprov-jdk15on\1.60\bcprov-jdk15on-1.60.jar;C:\Users\vff\.m2\repository\org\bouncycastle\bcpg-jdk15on\1.60\bcpg-jdk15on-1.60.jar;C:\Users\vff\.m2\repository\org\bouncycastle\bcpkix-jdk15on\1.60\bcpkix-jdk15on-1.60.jar;C:\Users\vff\.m2\repository\commons-codec\commons-codec\1.10\commons-codec-1.10.jar;C:\Users\vff\.m2\repository\org\apache\nifi\nifi-security-utils\1.11.4\nifi-security-utils-1.11.4.jar;C:\Users\vff\.m2\repository\org\apache\commons\commons-configuration2\2.4\commons-configuration2-2.4.jar;C:\Users\vff\.m2\repository\com\hierynomus\sshj\0.27.0\sshj-0.27.0.jar;C:\Users\vff\.m2\repository\org\slf4j\slf4j-api\1.7.25\slf4j-api-1.7.25.jar;C:\Users\vff\.m2\repository\com\jcraft\jzlib\1.1.3\jzlib-1.1.3.jar;C:\Users\vff\.m2\repository\net\i2p\crypto\eddsa\0.2.0\eddsa-0.2.0.jar;C:\Users\vff\.m2\repository\org\eclipse\jetty\jetty-server\9.4.11.v20180605\jetty-server-9.4.11.v20180605.jar;C:\Users\vff\.m2\repository\javax\servlet\javax.servlet-api\3.1.0\javax.servlet-api-3.1.0.jar;C:\Users\vff\.m2\repository\org\eclipse\jetty\jetty-http\9.4.11.v20180605\jetty-http-9.4.11.v20180605.jar;C:\Users\vff\.m2\repository\org\eclipse\jetty\jetty-util\9.4.11.v20180605\jetty-util-9.4.11.v20180605.jar;C:\Users\vff\.m2\repository\org\eclipse\jetty\jetty-io\9.4.11.v20180605\jetty-io-9.4.11.v20180605.jar;C:\Users\vff\.m2\repository\org\eclipse\jetty\jetty-servlet\9.4.31.v20200723\jetty-servlet-9.4.31.v20200723.jar;C:\Users\vff\.m2\repository\org\eclipse\jetty\jetty-security\9.4.31.v20200723\jetty-security-9.4.31.v20200723.jar;C:\Users\vff\.m2\repository\org\apache\httpcomponents\httpclient\4.5.12\httpclient-4.5.12.jar;C:\Users\vff\.m2\repository\commons-logging\commons-logging\1.2\commons-logging-1.2.jar;C:\Users\vff\.m2\repository\org\apache\httpcomponents\httpcore\4.4.6\httpcore-4.4.6.jar;C:\Users\vff\.m2\repository\javax\mail\mail\1.4.7\mail-1.4.7.jar;C:\Users\vff\.m2\repository\javax\activation\activation\1.1\activation-1.1.jar;C:\Users\vff\.m2\repository\com\github\jponge\lzma-java\1.3\lzma-java-1.3.jar;C:\Users\vff\.m2\repository\org\tukaani\xz\1.8\xz-1.8.jar;C:\Users\vff\.m2\repository\org\apache\nifi\nifi-socket-utils\1.11.4\nifi-socket-utils-1.11.4.jar;C:\Users\vff\.m2\repository\org\apache\nifi\nifi-logging-utils\1.11.4\nifi-logging-utils-1.11.4.jar;C:\Users\vff\.m2\repository\org\apache\nifi\nifi-load-distribution-service-api\1.11.4\nifi-load-distribution-service-api-1.11.4.jar;C:\Users\vff\.m2\repository\joda-time\joda-time\2.10.6\joda-time-2.10.6.jar;C:\Users\vff\.m2\repository\javax\jms\javax.jms-api\2.0.1\javax.jms-api-2.0.1.jar;C:\Users\vff\.m2\repository\org\apache\activemq\activemq-client\5.16.0\activemq-client-5.16.0.jar;C:\Users\vff\.m2\repository\org\apache\geronimo\specs\geronimo-jms_1.1_spec\1.1.1\geronimo-jms_1.1_spec-1.1.1.jar;C:\Users\vff\.m2\repository\org\fusesource\hawtbuf\hawtbuf\1.11\hawtbuf-1.11.jar;C:\Users\vff\.m2\repository\org\apache\geronimo\specs\geronimo-j2ee-management_1.1_spec\1.0.1\geronimo-j2ee-management_1.1_spec-1.0.1.jar;C:\Users\vff\.m2\repository\com\jayway\jsonpath\json-path\2.4.0\json-path-2.4.0.jar;C:\Users\vff\.m2\repository\net\minidev\json-smart\2.3\json-smart-2.3.jar;C:\Users\vff\.m2\repository\net\minidev\accessors-smart\1.2\accessors-smart-1.2.jar;C:\Users\vff\.m2\repository\org\ow2\asm\asm\5.0.4\asm-5.0.4.jar;C:\Users\vff\.m2\repository\org\apache\tika\tika-core\1.18\tika-core-1.18.jar;C:\Users\vff\.m2\repository\com\fasterxml\jackson\core\jackson-databind\2.11.0\jackson-databind-2.11.0.jar;C:\Users\vff\.m2\repository\com\fasterxml\jackson\core\jackson-annotations\2.11.0\jackson-annotations-2.11.0.jar;C:\Users\vff\.m2\repository\com\fasterxml\jackson\core\jackson-core\2.11.0\jackson-core-2.11.0.jar;C:\Users\vff\.m2\repository\org\apache\nifi\nifi-avro-record-utils\1.11.4\nifi-avro-record-utils-1.11.4.jar;C:\Users\vff\.m2\repository\org\apache\nifi\nifi-standard-record-utils\1.11.4\nifi-standard-record-utils-1.11.4.jar;C:\Users\vff\.m2\repository\org\apache\avro\avro\1.8.1\avro-1.8.1.jar;C:\Users\vff\.m2\repository\org\codehaus\jackson\jackson-core-asl\1.9.13\jackson-core-asl-1.9.13.jar;C:\Users\vff\.m2\repository\org\codehaus\jackson\jackson-mapper-asl\1.9.13\jackson-mapper-asl-1.9.13.jar;C:\Users\vff\.m2\repository\com\thoughtworks\paranamer\paranamer\2.7\paranamer-2.7.jar;C:\Users\vff\.m2\repository\org\apache\nifi\nifi-dbcp-service-api\1.11.4\nifi-dbcp-service-api-1.11.4.jar;C:\Users\vff\.m2\repository\com\squareup\okhttp3\okhttp\4.7.2\okhttp-4.7.2.jar;C:\Users\vff\.m2\repository\com\squareup\okio\okio\2.6.0\okio-2.6.0.jar;C:\Users\vff\.m2\repository\org\jetbrains\kotlin\kotlin-stdlib-common\1.3.70\kotlin-stdlib-common-1.3.70.jar;C:\Users\vff\.m2\repository\org\jetbrains\kotlin\kotlin-stdlib\1.3.71\kotlin-stdlib-1.3.71.jar;C:\Users\vff\.m2\repository\org\jetbrains\annotations\13.0\annotations-13.0.jar;C:\Users\vff\.m2\repository\com\burgstaller\okhttp-digest\2.1\okhttp-digest-2.1.jar;C:\Users\vff\.m2\repository\de\svenkubiak\jBCrypt\0.4\jBCrypt-0.4.jar;C:\Users\vff\.m2\repository\com\google\guava\guava\10.0.1\guava-10.0.1.jar;C:\Users\vff\.m2\repository\com\google\code\findbugs\jsr305\1.3.9\jsr305-1.3.9.jar;C:\Users\vff\.m2\repository\org\apache\nifi\nifi-mock\1.11.4\nifi-mock-1.11.4.jar;C:\Users\vff\.m2\repository\org\apache\nifi\nifi-framework-api\1.8.0\nifi-framework-api-1.8.0.jar;C:\Users\vff\.m2\repository\org\apache\nifi\nifi-data-provenance-utils\1.11.4\nifi-data-provenance-utils-1.11.4.jar;C:\Users\vff\.m2\repository\org\apache\nifi\nifi-properties-loader\1.11.4\nifi-properties-loader-1.11.4.jar;C:\Users\vff\.m2\repository\org\apache\nifi\nifi-distributed-cache-client-service\1.11.4\nifi-distributed-cache-client-service-1.11.4.jar;C:\Users\vff\.m2\repository\org\apache\nifi\nifi-distributed-cache-protocol\1.8.0\nifi-distributed-cache-protocol-1.8.0.jar;C:\Users\vff\.m2\repository\com\google\http-client\google-http-client\1.28.0\google-http-client-1.28.0.jar;C:\Users\vff\.m2\repository\com\google\j2objc\j2objc-annotations\1.1\j2objc-annotations-1.1.jar;C:\Users\vff\.m2\repository\io\opencensus\opencensus-api\0.18.0\opencensus-api-0.18.0.jar;C:\Users\vff\.m2\repository\io\grpc\grpc-context\1.14.0\grpc-context-1.14.0.jar;C:\Users\vff\.m2\repository\io\opencensus\opencensus-contrib-http-util\0.18.0\opencensus-contrib-http-util-0.18.0.jar;C:\Users\vff\.m2\repository\org\apache\activemq\activemq-broker\5.15.11\activemq-broker-5.15.11.jar;C:\Users\vff\.m2\repository\org\apache\activemq\activemq-openwire-legacy\5.15.11\activemq-openwire-legacy-5.15.11.jar;C:\Users\vff\.m2\repository\org\apache\nifi\nifi-ssl-context-service\1.8.0\nifi-ssl-context-service-1.8.0.jar;C:\Users\vff\.m2\repository\org\apache\nifi\nifi-standard-prioritizers\1.11.4\nifi-standard-prioritizers-1.11.4.jar;C:\Users\vff\.m2\repository\org\apache\nifi\nifi-mock-record-utils\1.11.4\nifi-mock-record-utils-1.11.4.jar;C:\Users\vff\.m2\repository\org\apache\nifi\nifi-record-serialization-services\1.11.4\nifi-record-serialization-services-1.11.4.jar;C:\Users\vff\.m2\repository\org\apache\commons\commons-csv\1.6\commons-csv-1.6.jar;C:\Users\vff\.m2\repository\com\fasterxml\jackson\dataformat\jackson-dataformat-csv\2.9.10\jackson-dataformat-csv-2.9.10.jar;C:\Users\vff\.m2\repository\net\java\dev\stax-utils\stax-utils\20070216\stax-utils-20070216.jar;C:\Users\vff\.m2\repository\org\apache\nifi\nifi-lookup-services\1.11.4\nifi-lookup-services-1.11.4.jar;C:\Users\vff\.m2\repository\commons-beanutils\commons-beanutils\1.9.3\commons-beanutils-1.9.3.jar;C:\Users\vff\.m2\repository\commons-collections\commons-collections\3.2.2\commons-collections-3.2.2.jar;C:\Users\vff\.m2\repository\com\maxmind\geoip2\geoip2\2.12.0\geoip2-2.12.0.jar;C:\Users\vff\.m2\repository\com\maxmind\db\maxmind-db\1.2.2\maxmind-db-1.2.2.jar;C:\Users\vff\.m2\repository\org\apache\derby\derby\10.11.1.1\derby-10.11.1.1.jar;C:\Users\vff\.m2\repository\org\xerial\snappy\snappy-java\1.1.7.5\snappy-java-1.1.7.5.jar;C:\Users\vff\.m2\repository\com\h2database\h2\1.4.200\h2-1.4.200.jar;C:\Users\vff\.m2\repository\org\mockftpserver\MockFtpServer\2.7.1\MockFtpServer-2.7.1.jar;C:\Users\vff\.m2\repository\org\apache\mina\mina-core\2.0.19\mina-core-2.0.19.jar;C:\Users\vff\.m2\repository\org\apache\sshd\sshd-core\1.7.0\sshd-core-1.7.0.jar;C:\Users\vff\.m2\repository\com\bazaarvoice\jolt\jolt-core\0.1.0\jolt-core-0.1.0.jar;C:\Users\vff\.m2\repository\javax\inject\javax.inject\1\javax.inject-1.jar;C:\Users\vff\.m2\repository\com\bazaarvoice\jolt\json-utils\0.1.1\json-utils-0.1.1.jar;C:\Users\vff\.m2\repository\org\apache\nifi\nifi-standard-utils\1.11.4\nifi-standard-utils-1.11.4.jar;C:\Users\vff\.m2\repository\net\sf\supercsv\super-csv\2.1.0\super-csv-2.1.0.jar;C:\Users\vff\.m2\repository\com\fluenda\ParCEFone\1.2.6\ParCEFone-1.2.6.jar;C:\Users\vff\.m2\repository\javax\validation\validation-api\1.1.0.Final\validation-api-1.1.0.Final.jar;C:\Users\vff\.m2\repository\javax\el\javax.el-api\3.0.0\javax.el-api-3.0.0.jar;C:\Users\vff\.m2\repository\com\martiansoftware\macnificent\0.2.0\macnificent-0.2.0.jar;C:\Users\vff\.m2\repository\org\slf4j\slf4j-log4j12\1.7.25\slf4j-log4j12-1.7.25.jar;C:\Users\vff\.m2\repository\log4j\log4j\1.2.17\log4j-1.2.17.jar;C:\Users\vff\.m2\repository\com\github\wnameless\json-flattener\0.6.0\json-flattener-0.6.0.jar;C:\Users\vff\.m2\repository\com\eclipsesource\minimal-json\minimal-json\0.9.5\minimal-json-0.9.5.jar;C:\Users\vff\.m2\repository\org\apache\bval\bval-jsr\1.1.2\bval-jsr-1.1.2.jar;C:\Users\vff\.m2\repository\org\apache\bval\bval-core\1.1.2\bval-core-1.1.2.jar;C:\Users\vff\.m2\repository\io\krakens\java-grok\0.1.9\java-grok-0.1.9.jar;C:\Users\vff\.m2\repository\org\apache\calcite\calcite-core\1.21.0\calcite-core-1.21.0.jar;C:\Users\vff\.m2\repository\org\apache\calcite\avatica\avatica-core\1.15.0\avatica-core-1.15.0.jar;C:\Users\vff\.m2\repository\org\apache\calcite\avatica\avatica-metrics\1.15.0\avatica-metrics-1.15.0.jar;C:\Users\vff\.m2\repository\com\google\protobuf\protobuf-java\3.6.1\protobuf-java-3.6.1.jar;C:\Users\vff\.m2\repository\org\apache\calcite\calcite-linq4j\1.21.0\calcite-linq4j-1.21.0.jar;C:\Users\vff\.m2\repository\org\apache\commons\commons-dbcp2\2.6.0\commons-dbcp2-2.6.0.jar;C:\Users\vff\.m2\repository\org\apache\commons\commons-pool2\2.6.1\commons-pool2-2.6.1.jar;C:\Users\vff\.m2\repository\com\esri\geometry\esri-geometry-api\2.2.0\esri-geometry-api-2.2.0.jar;C:\Users\vff\.m2\repository\com\fasterxml\jackson\dataformat\jackson-dataformat-yaml\2.9.9\jackson-dataformat-yaml-2.9.9.jar;C:\Users\vff\.m2\repository\org\yaml\snakeyaml\1.23\snakeyaml-1.23.jar;C:\Users\vff\.m2\repository\com\yahoo\datasketches\sketches-core\0.9.0\sketches-core-0.9.0.jar;C:\Users\vff\.m2\repository\com\yahoo\datasketches\memory\0.9.0\memory-0.9.0.jar;C:\Users\vff\.m2\repository\net\hydromatic\aggdesigner-algorithm\6.0\aggdesigner-algorithm-6.0.jar;C:\Users\vff\.m2\repository\commons-lang\commons-lang\2.4\commons-lang-2.4.jar;C:\Users\vff\.m2\repository\org\codehaus\janino\janino\3.0.11\janino-3.0.11.jar;C:\Users\vff\.m2\repository\org\codehaus\janino\commons-compiler\3.0.11\commons-compiler-3.0.11.jar;C:\Users\vff\.m2\repository\org\apache\nifi\nifi-schema-registry-service-api\1.12.0\nifi-schema-registry-service-api-1.12.0.jar;C:\Users\vff\.m2\repository\org\apache\nifi\nifi-database-utils\1.11.4\nifi-database-utils-1.11.4.jar;C:\Users\vff\.m2\repository\org\apache\nifi\nifi-standard-web-test-utils\1.11.4\nifi-standard-web-test-utils-1.11.4.jar;C:\Users\vff\.m2\repository\com\github\stefanbirkner\fake-sftp-server-rule\2.0.1\fake-sftp-server-rule-2.0.1.jar;C:\Users\vff\.m2\repository\com\github\marschall\memoryfilesystem\2.1.0\memoryfilesystem-2.1.0.jar;C:\Users\vff\.m2\repository\org\apache\nifi\nifi-database-test-utils\1.11.4\nifi-database-test-utils-1.11.4.jar;C:\Users\vff\.m2\repository\org\codehaus\groovy\groovy-json\3.0.5\groovy-json-3.0.5.jar;C:\Users\vff\.m2\repository\org\codehaus\groovy\groovy\3.0.5\groovy-3.0.5.jar;C:\Users\vff\.m2\repository\org\codehaus\groovy\groovy-servlet\3.0.5\groovy-servlet-3.0.5.jar;C:\Users\vff\.m2\repository\org\codehaus\groovy\groovy-templates\3.0.5\groovy-templates-3.0.5.jar;C:\Users\vff\.m2\repository\org\codehaus\groovy\groovy-xml\3.0.5\groovy-xml-3.0.5.jar;C:\Users\vff\.m2\repository\junit\junit\4.12\junit-4.12.jar;C:\Users\vff\.m2\repository\org\hamcrest\hamcrest-core\1.3\hamcrest-core-1.3.jar;C:\Users\vff\.m2\repository\org\mockito\mockito-core\1.10.19\mockito-core-1.10.19.jar;C:\Users\vff\.m2\repository\org\objenesis\objenesis\2.1\objenesis-2.1.jar;C:\Users\vff\.m2\repository\org\slf4j\slf4j-simple\1.7.25\slf4j-simple-1.7.25.jar;C:\Users\vff\.m2\repository\org\codehaus\groovy\groovy-all\2.4.13\groovy-all-2.4.13.jar;"/>
    <property name="java.vm.vendor" value="Oracle Corporation"/>
    <property name="sun.arch.data.model" value="64"/>
    <property name="user.variant" value=""/>
    <property name="java.vendor.url" value="http://java.oracle.com/"/>
    <property name="user.timezone" value=""/>
    <property name="java.vm.specification.version" value="1.8"/>
    <property name="os.name" value="Windows 10"/>
    <property name="user.country" value="US"/>
    <property name="sun.java.launcher" value="SUN_STANDARD"/>
    <property name="sun.boot.library.path" value="C:\Program Files\Java\jdk1.8.0_191\jre\bin"/>
    <property name="sun.java.command" value="C:\Users\vff\AppData\Local\Temp\surefire212356562315028385\surefirebooter4002555285432351361.jar C:\Users\vff\AppData\Local\Temp\surefire212356562315028385 2021-06-25T11-59-42_985-jvmRun1 surefire6517051733183091308tmp surefire_06029688056521013709tmp"/>
    <property name="surefire.test.class.path" value="C:\kumar\CAR-Project-Ashish Arya\TOOL\NIFI-TOOL\XSLProcessor\nifi-MLXSLProcessor-processors\target\test-classes;C:\kumar\CAR-Project-Ashish Arya\TOOL\NIFI-TOOL\XSLProcessor\nifi-MLXSLProcessor-processors\target\classes;C:\Users\vff\.m2\repository\org\inno\Saxon-IV\9.0.0\Saxon-IV-9.0.0.jar;C:\Users\vff\.m2\repository\org\inno\TransformXML\0.0.2\TransformXML-0.0.2.jar;C:\Users\vff\.m2\repository\org\apache\nifi\nifi-api\1.11.4\nifi-api-1.11.4.jar;C:\Users\vff\.m2\repository\org\apache\nifi\nifi-expression-language\1.11.4\nifi-expression-language-1.11.4.jar;C:\Users\vff\.m2\repository\org\antlr\antlr-runtime\3.5.2\antlr-runtime-3.5.2.jar;C:\Users\vff\.m2\repository\org\apache\nifi\nifi-parameter\1.11.4\nifi-parameter-1.11.4.jar;C:\Users\vff\.m2\repository\org\apache\commons\commons-text\1.8\commons-text-1.8.jar;C:\Users\vff\.m2\repository\org\apache\nifi\nifi-processor-utils\1.11.4\nifi-processor-utils-1.11.4.jar;C:\Users\vff\.m2\repository\org\apache\nifi\nifi-syslog-utils\1.11.4\nifi-syslog-utils-1.11.4.jar;C:\Users\vff\.m2\repository\com\github\palindromicity\simple-syslog-5424\0.0.13\simple-syslog-5424-0.0.13.jar;C:\Users\vff\.m2\repository\org\antlr\antlr4-runtime\4.7.2\antlr4-runtime-4.7.2.jar;C:\Users\vff\.m2\repository\org\apache\nifi\nifi-utils\1.11.4\nifi-utils-1.11.4.jar;C:\Users\vff\.m2\repository\org\apache\nifi\nifi-record-path\1.11.4\nifi-record-path-1.11.4.jar;C:\Users\vff\.m2\repository\org\apache\nifi\nifi-properties\1.8.0\nifi-properties-1.8.0.jar;C:\Users\vff\.m2\repository\com\github\ben-manes\caffeine\caffeine\2.6.2\caffeine-2.6.2.jar;C:\Users\vff\.m2\repository\org\apache\nifi\nifi-ssl-context-service-api\1.8.0\nifi-ssl-context-service-api-1.8.0.jar;C:\Users\vff\.m2\repository\org\apache\nifi\nifi-lookup-service-api\1.11.4\nifi-lookup-service-api-1.11.4.jar;C:\Users\vff\.m2\repository\org\apache\nifi\nifi-flowfile-packager\1.11.4\nifi-flowfile-packager-1.11.4.jar;C:\Users\vff\.m2\repository\org\apache\nifi\nifi-distributed-cache-client-service-api\1.8.0\nifi-distributed-cache-client-service-api-1.8.0.jar;C:\Users\vff\.m2\repository\org\apache\nifi\nifi-http-context-map-api\1.8.0\nifi-http-context-map-api-1.8.0.jar;C:\Users\vff\.m2\repository\org\apache\nifi\nifi-record-serialization-service-api\1.11.4\nifi-record-serialization-service-api-1.11.4.jar;C:\Users\vff\.m2\repository\org\apache\nifi\nifi-proxy-configuration-api\1.11.4\nifi-proxy-configuration-api-1.11.4.jar;C:\Users\vff\.m2\repository\org\apache\nifi\nifi-record\1.11.4\nifi-record-1.11.4.jar;C:\Users\vff\.m2\repository\org\apache\nifi\nifi-record-sink-api\1.11.4\nifi-record-sink-api-1.11.4.jar;C:\Users\vff\.m2\repository\commons-io\commons-io\1.3.2\commons-io-1.3.2.jar;C:\Users\vff\.m2\repository\javax\ws\rs\javax.ws.rs-api\2.0.1\javax.ws.rs-api-2.0.1.jar;C:\Users\vff\.m2\repository\commons-net\commons-net\3.7\commons-net-3.7.jar;C:\Users\vff\.m2\repository\org\apache\commons\commons-compress\1.20\commons-compress-1.20.jar;C:\Users\vff\.m2\repository\org\apache\commons\commons-lang3\3.11\commons-lang3-3.11.jar;C:\Users\vff\.m2\repository\org\bouncycastle\bcprov-jdk15on\1.60\bcprov-jdk15on-1.60.jar;C:\Users\vff\.m2\repository\org\bouncycastle\bcpg-jdk15on\1.60\bcpg-jdk15on-1.60.jar;C:\Users\vff\.m2\repository\org\bouncycastle\bcpkix-jdk15on\1.60\bcpkix-jdk15on-1.60.jar;C:\Users\vff\.m2\repository\commons-codec\commons-codec\1.10\commons-codec-1.10.jar;C:\Users\vff\.m2\repository\org\apache\nifi\nifi-security-utils\1.11.4\nifi-security-utils-1.11.4.jar;C:\Users\vff\.m2\repository\org\apache\commons\commons-configuration2\2.4\commons-configuration2-2.4.jar;C:\Users\vff\.m2\repository\com\hierynomus\sshj\0.27.0\sshj-0.27.0.jar;C:\Users\vff\.m2\repository\org\slf4j\slf4j-api\1.7.25\slf4j-api-1.7.25.jar;C:\Users\vff\.m2\repository\com\jcraft\jzlib\1.1.3\jzlib-1.1.3.jar;C:\Users\vff\.m2\repository\net\i2p\crypto\eddsa\0.2.0\eddsa-0.2.0.jar;C:\Users\vff\.m2\repository\org\eclipse\jetty\jetty-server\9.4.11.v20180605\jetty-server-9.4.11.v20180605.jar;C:\Users\vff\.m2\repository\javax\servlet\javax.servlet-api\3.1.0\javax.servlet-api-3.1.0.jar;C:\Users\vff\.m2\repository\org\eclipse\jetty\jetty-http\9.4.11.v20180605\jetty-http-9.4.11.v20180605.jar;C:\Users\vff\.m2\repository\org\eclipse\jetty\jetty-util\9.4.11.v20180605\jetty-util-9.4.11.v20180605.jar;C:\Users\vff\.m2\repository\org\eclipse\jetty\jetty-io\9.4.11.v20180605\jetty-io-9.4.11.v20180605.jar;C:\Users\vff\.m2\repository\org\eclipse\jetty\jetty-servlet\9.4.31.v20200723\jetty-servlet-9.4.31.v20200723.jar;C:\Users\vff\.m2\repository\org\eclipse\jetty\jetty-security\9.4.31.v20200723\jetty-security-9.4.31.v20200723.jar;C:\Users\vff\.m2\repository\org\apache\httpcomponents\httpclient\4.5.12\httpclient-4.5.12.jar;C:\Users\vff\.m2\repository\commons-logging\commons-logging\1.2\commons-logging-1.2.jar;C:\Users\vff\.m2\repository\org\apache\httpcomponents\httpcore\4.4.6\httpcore-4.4.6.jar;C:\Users\vff\.m2\repository\javax\mail\mail\1.4.7\mail-1.4.7.jar;C:\Users\vff\.m2\repository\javax\activation\activation\1.1\activation-1.1.jar;C:\Users\vff\.m2\repository\com\github\jponge\lzma-java\1.3\lzma-java-1.3.jar;C:\Users\vff\.m2\repository\org\tukaani\xz\1.8\xz-1.8.jar;C:\Users\vff\.m2\repository\org\apache\nifi\nifi-socket-utils\1.11.4\nifi-socket-utils-1.11.4.jar;C:\Users\vff\.m2\repository\org\apache\nifi\nifi-logging-utils\1.11.4\nifi-logging-utils-1.11.4.jar;C:\Users\vff\.m2\repository\org\apache\nifi\nifi-load-distribution-service-api\1.11.4\nifi-load-distribution-service-api-1.11.4.jar;C:\Users\vff\.m2\repository\joda-time\joda-time\2.10.6\joda-time-2.10.6.jar;C:\Users\vff\.m2\repository\javax\jms\javax.jms-api\2.0.1\javax.jms-api-2.0.1.jar;C:\Users\vff\.m2\repository\org\apache\activemq\activemq-client\5.16.0\activemq-client-5.16.0.jar;C:\Users\vff\.m2\repository\org\apache\geronimo\specs\geronimo-jms_1.1_spec\1.1.1\geronimo-jms_1.1_spec-1.1.1.jar;C:\Users\vff\.m2\repository\org\fusesource\hawtbuf\hawtbuf\1.11\hawtbuf-1.11.jar;C:\Users\vff\.m2\repository\org\apache\geronimo\specs\geronimo-j2ee-management_1.1_spec\1.0.1\geronimo-j2ee-management_1.1_spec-1.0.1.jar;C:\Users\vff\.m2\repository\com\jayway\jsonpath\json-path\2.4.0\json-path-2.4.0.jar;C:\Users\vff\.m2\repository\net\minidev\json-smart\2.3\json-smart-2.3.jar;C:\Users\vff\.m2\repository\net\minidev\accessors-smart\1.2\accessors-smart-1.2.jar;C:\Users\vff\.m2\repository\org\ow2\asm\asm\5.0.4\asm-5.0.4.jar;C:\Users\vff\.m2\repository\org\apache\tika\tika-core\1.18\tika-core-1.18.jar;C:\Users\vff\.m2\repository\com\fasterxml\jackson\core\jackson-databind\2.11.0\jackson-databind-2.11.0.jar;C:\Users\vff\.m2\repository\com\fasterxml\jackson\core\jackson-annotations\2.11.0\jackson-annotations-2.11.0.jar;C:\Users\vff\.m2\repository\com\fasterxml\jackson\core\jackson-core\2.11.0\jackson-core-2.11.0.jar;C:\Users\vff\.m2\repository\org\apache\nifi\nifi-avro-record-utils\1.11.4\nifi-avro-record-utils-1.11.4.jar;C:\Users\vff\.m2\repository\org\apache\nifi\nifi-standard-record-utils\1.11.4\nifi-standard-record-utils-1.11.4.jar;C:\Users\vff\.m2\repository\org\apache\avro\avro\1.8.1\avro-1.8.1.jar;C:\Users\vff\.m2\repository\org\codehaus\jackson\jackson-core-asl\1.9.13\jackson-core-asl-1.9.13.jar;C:\Users\vff\.m2\repository\org\codehaus\jackson\jackson-mapper-asl\1.9.13\jackson-mapper-asl-1.9.13.jar;C:\Users\vff\.m2\repository\com\thoughtworks\paranamer\paranamer\2.7\paranamer-2.7.jar;C:\Users\vff\.m2\repository\org\apache\nifi\nifi-dbcp-service-api\1.11.4\nifi-dbcp-service-api-1.11.4.jar;C:\Users\vff\.m2\repository\com\squareup\okhttp3\okhttp\4.7.2\okhttp-4.7.2.jar;C:\Users\vff\.m2\repository\com\squareup\okio\okio\2.6.0\okio-2.6.0.jar;C:\Users\vff\.m2\repository\org\jetbrains\kotlin\kotlin-stdlib-common\1.3.70\kotlin-stdlib-common-1.3.70.jar;C:\Users\vff\.m2\repository\org\jetbrains\kotlin\kotlin-stdlib\1.3.71\kotlin-stdlib-1.3.71.jar;C:\Users\vff\.m2\repository\org\jetbrains\annotations\13.0\annotations-13.0.jar;C:\Users\vff\.m2\repository\com\burgstaller\okhttp-digest\2.1\okhttp-digest-2.1.jar;C:\Users\vff\.m2\repository\de\svenkubiak\jBCrypt\0.4\jBCrypt-0.4.jar;C:\Users\vff\.m2\repository\com\google\guava\guava\10.0.1\guava-10.0.1.jar;C:\Users\vff\.m2\repository\com\google\code\findbugs\jsr305\1.3.9\jsr305-1.3.9.jar;C:\Users\vff\.m2\repository\org\apache\nifi\nifi-mock\1.11.4\nifi-mock-1.11.4.jar;C:\Users\vff\.m2\repository\org\apache\nifi\nifi-framework-api\1.8.0\nifi-framework-api-1.8.0.jar;C:\Users\vff\.m2\repository\org\apache\nifi\nifi-data-provenance-utils\1.11.4\nifi-data-provenance-utils-1.11.4.jar;C:\Users\vff\.m2\repository\org\apache\nifi\nifi-properties-loader\1.11.4\nifi-properties-loader-1.11.4.jar;C:\Users\vff\.m2\repository\org\apache\nifi\nifi-distributed-cache-client-service\1.11.4\nifi-distributed-cache-client-service-1.11.4.jar;C:\Users\vff\.m2\repository\org\apache\nifi\nifi-distributed-cache-protocol\1.8.0\nifi-distributed-cache-protocol-1.8.0.jar;C:\Users\vff\.m2\repository\com\google\http-client\google-http-client\1.28.0\google-http-client-1.28.0.jar;C:\Users\vff\.m2\repository\com\google\j2objc\j2objc-annotations\1.1\j2objc-annotations-1.1.jar;C:\Users\vff\.m2\repository\io\opencensus\opencensus-api\0.18.0\opencensus-api-0.18.0.jar;C:\Users\vff\.m2\repository\io\grpc\grpc-context\1.14.0\grpc-context-1.14.0.jar;C:\Users\vff\.m2\repository\io\opencensus\opencensus-contrib-http-util\0.18.0\opencensus-contrib-http-util-0.18.0.jar;C:\Users\vff\.m2\repository\org\apache\activemq\activemq-broker\5.15.11\activemq-broker-5.15.11.jar;C:\Users\vff\.m2\repository\org\apache\activemq\activemq-openwire-legacy\5.15.11\activemq-openwire-legacy-5.15.11.jar;C:\Users\vff\.m2\repository\org\apache\nifi\nifi-ssl-context-service\1.8.0\nifi-ssl-context-service-1.8.0.jar;C:\Users\vff\.m2\repository\org\apache\nifi\nifi-standard-prioritizers\1.11.4\nifi-standard-prioritizers-1.11.4.jar;C:\Users\vff\.m2\repository\org\apache\nifi\nifi-mock-record-utils\1.11.4\nifi-mock-record-utils-1.11.4.jar;C:\Users\vff\.m2\repository\org\apache\nifi\nifi-record-serialization-services\1.11.4\nifi-record-serialization-services-1.11.4.jar;C:\Users\vff\.m2\repository\org\apache\commons\commons-csv\1.6\commons-csv-1.6.jar;C:\Users\vff\.m2\repository\com\fasterxml\jackson\dataformat\jackson-dataformat-csv\2.9.10\jackson-dataformat-csv-2.9.10.jar;C:\Users\vff\.m2\repository\net\java\dev\stax-utils\stax-utils\20070216\stax-utils-20070216.jar;C:\Users\vff\.m2\repository\org\apache\nifi\nifi-lookup-services\1.11.4\nifi-lookup-services-1.11.4.jar;C:\Users\vff\.m2\repository\commons-beanutils\commons-beanutils\1.9.3\commons-beanutils-1.9.3.jar;C:\Users\vff\.m2\repository\commons-collections\commons-collections\3.2.2\commons-collections-3.2.2.jar;C:\Users\vff\.m2\repository\com\maxmind\geoip2\geoip2\2.12.0\geoip2-2.12.0.jar;C:\Users\vff\.m2\repository\com\maxmind\db\maxmind-db\1.2.2\maxmind-db-1.2.2.jar;C:\Users\vff\.m2\repository\org\apache\derby\derby\10.11.1.1\derby-10.11.1.1.jar;C:\Users\vff\.m2\repository\org\xerial\snappy\snappy-java\1.1.7.5\snappy-java-1.1.7.5.jar;C:\Users\vff\.m2\repository\com\h2database\h2\1.4.200\h2-1.4.200.jar;C:\Users\vff\.m2\repository\org\mockftpserver\MockFtpServer\2.7.1\MockFtpServer-2.7.1.jar;C:\Users\vff\.m2\repository\org\apache\mina\mina-core\2.0.19\mina-core-2.0.19.jar;C:\Users\vff\.m2\repository\org\apache\sshd\sshd-core\1.7.0\sshd-core-1.7.0.jar;C:\Users\vff\.m2\repository\com\bazaarvoice\jolt\jolt-core\0.1.0\jolt-core-0.1.0.jar;C:\Users\vff\.m2\repository\javax\inject\javax.inject\1\javax.inject-1.jar;C:\Users\vff\.m2\repository\com\bazaarvoice\jolt\json-utils\0.1.1\json-utils-0.1.1.jar;C:\Users\vff\.m2\repository\org\apache\nifi\nifi-standard-utils\1.11.4\nifi-standard-utils-1.11.4.jar;C:\Users\vff\.m2\repository\net\sf\supercsv\super-csv\2.1.0\super-csv-2.1.0.jar;C:\Users\vff\.m2\repository\com\fluenda\ParCEFone\1.2.6\ParCEFone-1.2.6.jar;C:\Users\vff\.m2\repository\javax\validation\validation-api\1.1.0.Final\validation-api-1.1.0.Final.jar;C:\Users\vff\.m2\repository\javax\el\javax.el-api\3.0.0\javax.el-api-3.0.0.jar;C:\Users\vff\.m2\repository\com\martiansoftware\macnificent\0.2.0\macnificent-0.2.0.jar;C:\Users\vff\.m2\repository\org\slf4j\slf4j-log4j12\1.7.25\slf4j-log4j12-1.7.25.jar;C:\Users\vff\.m2\repository\log4j\log4j\1.2.17\log4j-1.2.17.jar;C:\Users\vff\.m2\repository\com\github\wnameless\json-flattener\0.6.0\json-flattener-0.6.0.jar;C:\Users\vff\.m2\repository\com\eclipsesource\minimal-json\minimal-json\0.9.5\minimal-json-0.9.5.jar;C:\Users\vff\.m2\repository\org\apache\bval\bval-jsr\1.1.2\bval-jsr-1.1.2.jar;C:\Users\vff\.m2\repository\org\apache\bval\bval-core\1.1.2\bval-core-1.1.2.jar;C:\Users\vff\.m2\repository\io\krakens\java-grok\0.1.9\java-grok-0.1.9.jar;C:\Users\vff\.m2\repository\org\apache\calcite\calcite-core\1.21.0\calcite-core-1.21.0.jar;C:\Users\vff\.m2\repository\org\apache\calcite\avatica\avatica-core\1.15.0\avatica-core-1.15.0.jar;C:\Users\vff\.m2\repository\org\apache\calcite\avatica\avatica-metrics\1.15.0\avatica-metrics-1.15.0.jar;C:\Users\vff\.m2\repository\com\google\protobuf\protobuf-java\3.6.1\protobuf-java-3.6.1.jar;C:\Users\vff\.m2\repository\org\apache\calcite\calcite-linq4j\1.21.0\calcite-linq4j-1.21.0.jar;C:\Users\vff\.m2\repository\org\apache\commons\commons-dbcp2\2.6.0\commons-dbcp2-2.6.0.jar;C:\Users\vff\.m2\repository\org\apache\commons\commons-pool2\2.6.1\commons-pool2-2.6.1.jar;C:\Users\vff\.m2\repository\com\esri\geometry\esri-geometry-api\2.2.0\esri-geometry-api-2.2.0.jar;C:\Users\vff\.m2\repository\com\fasterxml\jackson\dataformat\jackson-dataformat-yaml\2.9.9\jackson-dataformat-yaml-2.9.9.jar;C:\Users\vff\.m2\repository\org\yaml\snakeyaml\1.23\snakeyaml-1.23.jar;C:\Users\vff\.m2\repository\com\yahoo\datasketches\sketches-core\0.9.0\sketches-core-0.9.0.jar;C:\Users\vff\.m2\repository\com\yahoo\datasketches\memory\0.9.0\memory-0.9.0.jar;C:\Users\vff\.m2\repository\net\hydromatic\aggdesigner-algorithm\6.0\aggdesigner-algorithm-6.0.jar;C:\Users\vff\.m2\repository\commons-lang\commons-lang\2.4\commons-lang-2.4.jar;C:\Users\vff\.m2\repository\org\codehaus\janino\janino\3.0.11\janino-3.0.11.jar;C:\Users\vff\.m2\repository\org\codehaus\janino\commons-compiler\3.0.11\commons-compiler-3.0.11.jar;C:\Users\vff\.m2\repository\org\apache\nifi\nifi-schema-registry-service-api\1.12.0\nifi-schema-registry-service-api-1.12.0.jar;C:\Users\vff\.m2\repository\org\apache\nifi\nifi-database-utils\1.11.4\nifi-database-utils-1.11.4.jar;C:\Users\vff\.m2\repository\org\apache\nifi\nifi-standard-web-test-utils\1.11.4\nifi-standard-web-test-utils-1.11.4.jar;C:\Users\vff\.m2\repository\com\github\stefanbirkner\fake-sftp-server-rule\2.0.1\fake-sftp-server-rule-2.0.1.jar;C:\Users\vff\.m2\repository\com\github\marschall\memoryfilesystem\2.1.0\memoryfilesystem-2.1.0.jar;C:\Users\vff\.m2\repository\org\apache\nifi\nifi-database-test-utils\1.11.4\nifi-database-test-utils-1.11.4.jar;C:\Users\vff\.m2\repository\org\codehaus\groovy\groovy-json\3.0.5\groovy-json-3.0.5.jar;C:\Users\vff\.m2\repository\org\codehaus\groovy\groovy\3.0.5\groovy-3.0.5.jar;C:\Users\vff\.m2\repository\org\codehaus\groovy\groovy-servlet\3.0.5\groovy-servlet-3.0.5.jar;C:\Users\vff\.m2\repository\org\codehaus\groovy\groovy-templates\3.0.5\groovy-templates-3.0.5.jar;C:\Users\vff\.m2\repository\org\codehaus\groovy\groovy-xml\3.0.5\groovy-xml-3.0.5.jar;C:\Users\vff\.m2\repository\junit\junit\4.12\junit-4.12.jar;C:\Users\vff\.m2\repository\org\hamcrest\hamcrest-core\1.3\hamcrest-core-1.3.jar;C:\Users\vff\.m2\repository\org\mockito\mockito-core\1.10.19\mockito-core-1.10.19.jar;C:\Users\vff\.m2\repository\org\objenesis\objenesis\2.1\objenesis-2.1.jar;C:\Users\vff\.m2\repository\org\slf4j\slf4j-simple\1.7.25\slf4j-simple-1.7.25.jar;C:\Users\vff\.m2\repository\org\codehaus\groovy\groovy-all\2.4.13\groovy-all-2.4.13.jar;"/>
    <property name="sun.cpu.endian" value="little"/>
    <property name="user.home" value="C:\Users\vff"/>
    <property name="user.language" value="en"/>
    <property name="java.specification.vendor" value="Oracle Corporation"/>
    <property name="java.home" value="C:\Program Files\Java\jdk1.8.0_191\jre"/>
    <property name="basedir" value="C:\kumar\CAR-Project-Ashish Arya\TOOL\NIFI-TOOL\XSLProcessor\nifi-MLXSLProcessor-processors"/>
    <property name="file.separator" value="\"/>
    <property name="line.separator" value="&#10;"/>
    <property name="java.vm.specification.vendor" value="Oracle Corporation"/>
    <property name="java.specification.name" value="Java Platform API Specification"/>
    <property name="java.awt.graphicsenv" value="sun.awt.Win32GraphicsEnvironment"/>
    <property name="java.awt.headless" value="true"/>
    <property name="surefire.real.class.path" value="C:\Users\vff\AppData\Local\Temp\surefire212356562315028385\surefirebooter4002555285432351361.jar"/>
    <property name="sun.boot.class.path" value="C:\Program Files\Java\jdk1.8.0_191\jre\lib\resources.jar;C:\Program Files\Java\jdk1.8.0_191\jre\lib\rt.jar;C:\Program Files\Java\jdk1.8.0_191\jre\lib\sunrsasign.jar;C:\Program Files\Java\jdk1.8.0_191\jre\lib\jsse.jar;C:\Program Files\Java\jdk1.8.0_191\jre\lib\jce.jar;C:\Program Files\Java\jdk1.8.0_191\jre\lib\charsets.jar;C:\Program Files\Java\jdk1.8.0_191\jre\lib\jfr.jar;C:\Program Files\Java\jdk1.8.0_191\jre\classes"/>
    <property name="user.script" value=""/>
    <property name="sun.management.compiler" value="HotSpot 64-Bit Tiered Compilers"/>
    <property name="java.runtime.version" value="1.8.0_191-b12"/>
    <property name="java.net.preferIPv4Stack" value="true"/>
    <property name="user.name" value="VFF"/>
    <property name="path.separator" value=";"/>
    <property name="os.version" value="10.0"/>
    <property name="java.endorsed.dirs" value="C:\Program Files\Java\jdk1.8.0_191\jre\lib\endorsed"/>
    <property name="java.runtime.name" value="Java(TM) SE Runtime Environment"/>
    <property name="file.encoding" value="UTF-8"/>
    <property name="java.vm.name" value="Java HotSpot(TM) 64-Bit Server VM"/>
    <property name="localRepository" value="C:\Users\vff\.m2\repository"/>
    <property name="java.vendor.url.bug" value="http://bugreport.sun.com/bugreport/"/>
    <property name="java.io.tmpdir" value="C:\Users\vff\AppData\Local\Temp\"/>
    <property name="java.version" value="1.8.0_191"/>
    <property name="user.dir" value="C:\kumar\CAR-Project-Ashish Arya\TOOL\NIFI-TOOL\XSLProcessor\nifi-MLXSLProcessor-processors"/>
    <property name="os.arch" value="amd64"/>
    <property name="java.vm.specification.name" value="Java Virtual Machine Specification"/>
    <property name="java.awt.printerjob" value="sun.awt.windows.WPrinterJob"/>
    <property name="sun.os.patch.level" value=""/>
    <property name="java.library.path" value="C:\Program Files\Java\jdk1.8.0_191\jre\bin;C:\Windows\Sun\Java\bin;C:\Windows\system32;C:\Windows;C:\Program Files (x86)\Common Files\Oracle\Java\javapath;C:\Windows\system32;C:\Windows;C:\Windows\System32\Wbem;C:\Windows\System32\WindowsPowerShell\v1.0\;C:\Windows\System32\OpenSSH\;C:\Program Files\Java\jdk1.8.0_191\bin;C:\Program Files\apache-maven-3.6.0\bin;C:\Program Files\TortoiseSVN\bin;C:\Program Files\PuTTY\;C:\Program Files\Git\cmd;C:\Users\vff\AppData\Local\Microsoft\WindowsApps;C:\Users\vff\AppData\Local\GitHubDesktop\bin;."/>
    <property name="java.vm.info" value="mixed mode"/>
    <property name="java.vendor" value="Oracle Corporation"/>
    <property name="java.vm.version" value="25.191-b12"/>
    <property name="java.ext.dirs" value="C:\Program Files\Java\jdk1.8.0_191\jre\lib\ext;C:\Windows\Sun\Java\lib\ext"/>
    <property name="sun.io.unicode.encoding" value="UnicodeLittle"/>
    <property name="java.class.version" value="52.0"/>
  </properties>
  <testcase name="testProcessor" classname="InnodataProduct.processors.MLXSLProcessor.MyProcessorTest" time="0.439"/>
</testsuite>